<?xml version="1.0" encoding="UTF-8"?>
<!-- Generated by org.testng.reporters.JUnitReportReporter -->
<testsuite hostname="LAPTOP-MPK7B7MT" failures="0" tests="2" name="com.mystore.testcases.IndexPageTestxml" time="25.715" errors="0" timestamp="2024-06-22T08:48:06 IST" skipped="0">
  <testcase classname="com.mystore.testcases.IndexPageTestxml" name="verifyLogo" time="15.241"/>
  <testcase classname="com.mystore.testcases.IndexPageTestxml" name="verifyTitle" time="10.474"/>
</testsuite> <!-- com.mystore.testcases.IndexPageTestxml -->
