<?xml version="1.0" encoding="UTF-8"?>
<!-- Generated by org.testng.reporters.JUnitReportReporter -->
<testsuite hostname="LAPTOP-MPK7B7MT" failures="0" tests="1" name="com.mystore.testcases.SFAccCreationTest" time="36.043" errors="0" timestamp="2024-06-23T08:50:52 IST" skipped="0">
  <testcase classname="com.mystore.testcases.SFAccCreationTest" name="clcikAcc" time="36.043"/>
</testsuite> <!-- com.mystore.testcases.SFAccCreationTest -->
