<?xml version="1.0" encoding="UTF-8"?>
<!-- Generated by org.testng.reporters.JUnitReportReporter -->
<testsuite hostname="LAPTOP-MPK7B7MT" failures="0" tests="2" name="com.mystore.testcases.IndexPageTest" time="25.829" errors="0" timestamp="2024-04-13T11:16:16 IST" skipped="0">
  <testcase classname="com.mystore.testcases.IndexPageTest" name="verifyTitle" time="15.251"/>
  <testcase classname="com.mystore.testcases.IndexPageTest" name="verifyLogo" time="10.578"/>
</testsuite> <!-- com.mystore.testcases.IndexPageTest -->
