<?xml version="1.0" encoding="UTF-8"?>
<!-- Generated by org.testng.reporters.JUnitReportReporter -->
<testsuite hostname="LAPTOP-MPK7B7MT" failures="0" tests="1" name="com.mystore.testcases.SFHomePageTest" time="22.943" errors="0" timestamp="2024-06-22T16:08:03 IST" skipped="0">
  <testcase classname="com.mystore.testcases.SFHomePageTest" name="clcikAcc" time="22.943"/>
</testsuite> <!-- com.mystore.testcases.SFHomePageTest -->
